# JRE version: Java(TM) SE Runtime Environment (7.0_51-b13) (build 1.7.0_51-b13)
# Java VM: Java HotSpot(TM) 64-Bit Server VM (24.51-b03 mixed mode linux-amd64 compressed oops)
Heap
 PSYoungGen      total 181760K, used 131065K [0x00000000ec680000, 0x00000000f8400000, 0x0000000100000000)
  eden space 172544K, 72% used [0x00000000ec680000,0x00000000f40063f0,0x00000000f6f00000)
  from space 9216K, 71% used [0x00000000f7b00000,0x00000000f8178030,0x00000000f8400000)
  to   space 10752K, 0% used [0x00000000f6f00000,0x00000000f6f00000,0x00000000f7980000)
 ParOldGen       total 533504K, used 490623K [0x00000000c5400000, 0x00000000e5d00000, 0x00000000ec680000)
  object space 533504K, 91% used [0x00000000c5400000,0x00000000e331fc68,0x00000000e5d00000)
 PSPermGen       total 26624K, used 11721K [0x00000000c0200000, 0x00000000c1c00000, 0x00000000c5400000)
  object space 26624K, 44% used [0x00000000c0200000,0x00000000c0d72478,0x00000000c1c00000)
GC Heap History (10 events):
Event: 10.362 GC heap before
{Heap before GC invocations=8 (full 1):
 PSYoungGen      total 72704K, used 38276K [0x00000000ec680000, 0x00000000f1880000, 0x0000000100000000)
  eden space 61440K, 62% used [0x00000000ec680000,0x00000000eebe1210,0x00000000f0280000)
  from space 11264K, 0% used [0x00000000f0d80000,0x00000000f0d80000,0x00000000f1880000)
  to   space 11264K, 0% used [0x00000000f0280000,0x00000000f0280000,0x00000000f0d80000)
 ParOldGen       total 641536K, used 587358K [0x00000000c5400000, 0x00000000ec680000, 0x00000000ec680000)
  object space 641536K, 91% used [0x00000000c5400000,0x00000000e9197808,0x00000000ec680000)
 PSPermGen       total 23552K, used 11666K [0x00000000c0200000, 0x00000000c1900000, 0x00000000c5400000)
  object space 23552K, 49% used [0x00000000c0200000,0x00000000c0d64880,0x00000000c1900000)
Event: 10.372 GC heap after
Heap after GC invocations=8 (full 1):
 PSYoungGen      total 72704K, used 5781K [0x00000000ec680000, 0x00000000f4980000, 0x0000000100000000)
  eden space 61440K, 0% used [0x00000000ec680000,0x00000000ec680000,0x00000000f0280000)
  from space 11264K, 51% used [0x00000000f0280000,0x00000000f0825730,0x00000000f0d80000)
  to   space 10752K, 0% used [0x00000000f3f00000,0x00000000f3f00000,0x00000000f4980000)
 ParOldGen       total 641536K, used 587358K [0x00000000c5400000, 0x00000000ec680000, 0x00000000ec680000)
  object space 641536K, 91% used [0x00000000c5400000,0x00000000e9197808,0x00000000ec680000)
 PSPermGen       total 23552K, used 11666K [0x00000000c0200000, 0x00000000c1900000, 0x00000000c5400000)
  object space 23552K, 49% used [0x00000000c0200000,0x00000000c0d64880,0x00000000c1900000)
}
Event: 10.372 GC heap before
{Heap before GC invocations=9 (full 1):
 PSYoungGen      total 72704K, used 5781K [0x00000000ec680000, 0x00000000f4980000, 0x0000000100000000)
  eden space 61440K, 0% used [0x00000000ec680000,0x00000000ec680000,0x00000000f0280000)
  from space 11264K, 51% used [0x00000000f0280000,0x00000000f0825730,0x00000000f0d80000)
  to   space 10752K, 0% used [0x00000000f3f00000,0x00000000f3f00000,0x00000000f4980000)
 ParOldGen       total 641536K, used 587358K [0x00000000c5400000, 0x00000000ec680000, 0x00000000ec680000)
  object space 641536K, 91% used [0x00000000c5400000,0x00000000e9197808,0x00000000ec680000)
 PSPermGen       total 23552K, used 11666K [0x00000000c0200000, 0x00000000c1900000, 0x00000000c5400000)
  object space 23552K, 49% used [0x00000000c0200000,0x00000000c0d64880,0x00000000c1900000)
Event: 10.378 GC heap after
Heap after GC invocations=9 (full 1):
 PSYoungGen      total 123392K, used 5749K [0x00000000ec680000, 0x00000000f4e00000, 0x0000000100000000)
  eden space 112640K, 0% used [0x00000000ec680000,0x00000000ec680000,0x00000000f3480000)
  from space 10752K, 53% used [0x00000000f3f00000,0x00000000f449d730,0x00000000f4980000)
  to   space 10752K, 0% used [0x00000000f3480000,0x00000000f3480000,0x00000000f3f00000)
 ParOldGen       total 641536K, used 587358K [0x00000000c5400000, 0x00000000ec680000, 0x00000000ec680000)
  object space 641536K, 91% used [0x00000000c5400000,0x00000000e9197808,0x00000000ec680000)
 PSPermGen       total 23552K, used 11666K [0x00000000c0200000, 0x00000000c1900000, 0x00000000c5400000)
  object space 23552K, 49% used [0x00000000c0200000,0x00000000c0d64880,0x00000000c1900000)
}
Event: 10.378 GC heap before
{Heap before GC invocations=10 (full 2):
 PSYoungGen      total 123392K, used 5749K [0x00000000ec680000, 0x00000000f4e00000, 0x0000000100000000)
  eden space 112640K, 0% used [0x00000000ec680000,0x00000000ec680000,0x00000000f3480000)
  from space 10752K, 53% used [0x00000000f3f00000,0x00000000f449d730,0x00000000f4980000)
  to   space 10752K, 0% used [0x00000000f3480000,0x00000000f3480000,0x00000000f3f00000)
 ParOldGen       total 641536K, used 587358K [0x00000000c5400000, 0x00000000ec680000, 0x00000000ec680000)
  object space 641536K, 91% used [0x00000000c5400000,0x00000000e9197808,0x00000000ec680000)
 PSPermGen       total 23552K, used 11666K [0x00000000c0200000, 0x00000000c1900000, 0x00000000c5400000)
  object space 23552K, 49% used [0x00000000c0200000,0x00000000c0d64880,0x00000000c1900000)
Event: 10.459 GC heap after
Heap after GC invocations=10 (full 2):
 PSYoungGen      total 123392K, used 0K [0x00000000ec680000, 0x00000000f4e00000, 0x0000000100000000)
  eden space 112640K, 0% used [0x00000000ec680000,0x00000000ec680000,0x00000000f3480000)
  from space 10752K, 0% used [0x00000000f3f00000,0x00000000f3f00000,0x00000000f4980000)
  to   space 10752K, 0% used [0x00000000f3480000,0x00000000f3480000,0x00000000f3f00000)
 ParOldGen       total 44544K, used 4223K [0x00000000c5400000, 0x00000000c7f80000, 0x00000000ec680000)
  object space 44544K, 9% used [0x00000000c5400000,0x00000000c581fc18,0x00000000c7f80000)
 PSPermGen       total 26624K, used 11666K [0x00000000c0200000, 0x00000000c1c00000, 0x00000000c5400000)
  object space 26624K, 43% used [0x00000000c0200000,0x00000000c0d64840,0x00000000c1c00000)
}
Event: 10.684 GC heap before
{Heap before GC invocations=11 (full 2):
 PSYoungGen      total 123392K, used 112027K [0x00000000ec680000, 0x00000000f4e00000, 0x0000000100000000)
  eden space 112640K, 99% used [0x00000000ec680000,0x00000000f33e6cc8,0x00000000f3480000)
  from space 10752K, 0% used [0x00000000f3f00000,0x00000000f3f00000,0x00000000f4980000)
  to   space 10752K, 0% used [0x00000000f3480000,0x00000000f3480000,0x00000000f3f00000)
 ParOldGen       total 240128K, used 198783K [0x00000000c5400000, 0x00000000d3e80000, 0x00000000ec680000)
  object space 240128K, 82% used [0x00000000c5400000,0x00000000d161fc38,0x00000000d3e80000)
 PSPermGen       total 26624K, used 11680K [0x00000000c0200000, 0x00000000c1c00000, 0x00000000c5400000)
  object space 26624K, 43% used [0x00000000c0200000,0x00000000c0d68048,0x00000000c1c00000)
Event: 10.691 GC heap after
Heap after GC invocations=11 (full 2):
 PSYoungGen      total 123392K, used 6656K [0x00000000ec680000, 0x00000000f8580000, 0x0000000100000000)
  eden space 112640K, 0% used [0x00000000ec680000,0x00000000ec680000,0x00000000f3480000)
  from space 10752K, 61% used [0x00000000f3480000,0x00000000f3b00030,0x00000000f3f00000)
  to   space 10752K, 0% used [0x00000000f7b00000,0x00000000f7b00000,0x00000000f8580000)
 ParOldGen       total 240128K, used 198783K [0x00000000c5400000, 0x00000000d3e80000, 0x00000000ec680000)
  object space 240128K, 82% used [0x00000000c5400000,0x00000000d161fc38,0x00000000d3e80000)
 PSPermGen       total 26624K, used 11680K [0x00000000c0200000, 0x00000000c1c00000, 0x00000000c5400000)
  object space 26624K, 43% used [0x00000000c0200000,0x00000000c0d68048,0x00000000c1c00000)
}
Event: 10.880 GC heap before
{Heap before GC invocations=12 (full 2):
 PSYoungGen      total 123392K, used 117339K [0x00000000ec680000, 0x00000000f8580000, 0x0000000100000000)
  eden space 112640K, 98% used [0x00000000ec680000,0x00000000f3296f18,0x00000000f3480000)
  from space 10752K, 61% used [0x00000000f3480000,0x00000000f3b00030,0x00000000f3f00000)
  to   space 10752K, 0% used [0x00000000f7b00000,0x00000000f7b00000,0x00000000f8580000)
 ParOldGen       total 337920K, used 296063K [0x00000000c5400000, 0x00000000d9e00000, 0x00000000ec680000)
  object space 337920K, 87% used [0x00000000c5400000,0x00000000d751fc48,0x00000000d9e00000)
 PSPermGen       total 26624K, used 11705K [0x00000000c0200000, 0x00000000c1c00000, 0x00000000c5400000)
  object space 26624K, 43% used [0x00000000c0200000,0x00000000c0d6e5a8,0x00000000c1c00000)
Event: 10.885 GC heap after
Heap after GC invocations=12 (full 2):
 PSYoungGen      total 181760K, used 6624K [0x00000000ec680000, 0x00000000f8400000, 0x0000000100000000)
  eden space 172544K, 0% used [0x00000000ec680000,0x00000000ec680000,0x00000000f6f00000)
  from space 9216K, 71% used [0x00000000f7b00000,0x00000000f8178030,0x00000000f8400000)
  to   space 10752K, 0% used [0x00000000f6f00000,0x00000000f6f00000,0x00000000f7980000)
 ParOldGen       total 337920K, used 296063K [0x00000000c5400000, 0x00000000d9e00000, 0x00000000ec680000)
  object space 337920K, 87% used [0x00000000c5400000,0x00000000d751fc48,0x00000000d9e00000)
 PSPermGen       total 26624K, used 11705K [0x00000000c0200000, 0x00000000c1c00000, 0x00000000c5400000)
  object space 26624K, 43% used [0x00000000c0200000,0x00000000c0d6e5a8,0x00000000c1c00000)
}

