# JRE version: Java(TM) SE Runtime Environment (7.0_51-b13) (build 1.7.0_51-b13)
# Java VM: Java HotSpot(TM) 64-Bit Server VM (24.51-b03 mixed mode linux-amd64 compressed oops)
Heap
 PSYoungGen      total 194560K, used 109941K [0x00000000ec680000, 0x00000000f9000000, 0x0000000100000000)
  eden space 186880K, 55% used [0x00000000ec680000,0x00000000f2c95478,0x00000000f7d00000)
  from space 7680K, 70% used [0x00000000f8880000,0x00000000f8dc8020,0x00000000f9000000)
  to   space 9728K, 0% used [0x00000000f7d00000,0x00000000f7d00000,0x00000000f8680000)
 ParOldGen       total 531968K, used 490622K [0x00000000c5400000, 0x00000000e5b80000, 0x00000000ec680000)
  object space 531968K, 92% used [0x00000000c5400000,0x00000000e331faf8,0x00000000e5b80000)
 PSPermGen       total 26624K, used 11720K [0x00000000c0200000, 0x00000000c1c00000, 0x00000000c5400000)
  object space 26624K, 44% used [0x00000000c0200000,0x00000000c0d72378,0x00000000c1c00000)
GC Heap History (10 events):
Event: 7.844 GC heap before
{Heap before GC invocations=8 (full 1):
 PSYoungGen      total 72192K, used 37665K [0x00000000ec680000, 0x00000000f1780000, 0x0000000100000000)
  eden space 61440K, 61% used [0x00000000ec680000,0x00000000eeb48408,0x00000000f0280000)
  from space 10752K, 0% used [0x00000000f0d00000,0x00000000f0d00000,0x00000000f1780000)
  to   space 10752K, 0% used [0x00000000f0280000,0x00000000f0280000,0x00000000f0d00000)
 ParOldGen       total 641536K, used 587357K [0x00000000c5400000, 0x00000000ec680000, 0x00000000ec680000)
  object space 641536K, 91% used [0x00000000c5400000,0x00000000e91975c0,0x00000000ec680000)
 PSPermGen       total 23552K, used 11666K [0x00000000c0200000, 0x00000000c1900000, 0x00000000c5400000)
  object space 23552K, 49% used [0x00000000c0200000,0x00000000c0d648c0,0x00000000c1900000)
Event: 7.853 GC heap after
Heap after GC invocations=8 (full 1):
 PSYoungGen      total 72192K, used 5749K [0x00000000ec680000, 0x00000000f5100000, 0x0000000100000000)
  eden space 61440K, 0% used [0x00000000ec680000,0x00000000ec680000,0x00000000f0280000)
  from space 10752K, 53% used [0x00000000f0280000,0x00000000f081d730,0x00000000f0d00000)
  to   space 10752K, 0% used [0x00000000f4680000,0x00000000f4680000,0x00000000f5100000)
 ParOldGen       total 641536K, used 587357K [0x00000000c5400000, 0x00000000ec680000, 0x00000000ec680000)
  object space 641536K, 91% used [0x00000000c5400000,0x00000000e91975c0,0x00000000ec680000)
 PSPermGen       total 23552K, used 11666K [0x00000000c0200000, 0x00000000c1900000, 0x00000000c5400000)
  object space 23552K, 49% used [0x00000000c0200000,0x00000000c0d648c0,0x00000000c1900000)
}
Event: 7.853 GC heap before
{Heap before GC invocations=9 (full 1):
 PSYoungGen      total 72192K, used 5749K [0x00000000ec680000, 0x00000000f5100000, 0x0000000100000000)
  eden space 61440K, 0% used [0x00000000ec680000,0x00000000ec680000,0x00000000f0280000)
  from space 10752K, 53% used [0x00000000f0280000,0x00000000f081d730,0x00000000f0d00000)
  to   space 10752K, 0% used [0x00000000f4680000,0x00000000f4680000,0x00000000f5100000)
 ParOldGen       total 641536K, used 587357K [0x00000000c5400000, 0x00000000ec680000, 0x00000000ec680000)
  object space 641536K, 91% used [0x00000000c5400000,0x00000000e91975c0,0x00000000ec680000)
 PSPermGen       total 23552K, used 11666K [0x00000000c0200000, 0x00000000c1900000, 0x00000000c5400000)
  object space 23552K, 49% used [0x00000000c0200000,0x00000000c0d648c0,0x00000000c1900000)
Event: 7.863 GC heap after
Heap after GC invocations=9 (full 1):
 PSYoungGen      total 131584K, used 5749K [0x00000000ec680000, 0x00000000f5180000, 0x0000000100000000)
  eden space 120832K, 0% used [0x00000000ec680000,0x00000000ec680000,0x00000000f3c80000)
  from space 10752K, 53% used [0x00000000f4680000,0x00000000f4c1d730,0x00000000f5100000)
  to   space 10240K, 0% used [0x00000000f3c80000,0x00000000f3c80000,0x00000000f4680000)
 ParOldGen       total 641536K, used 587357K [0x00000000c5400000, 0x00000000ec680000, 0x00000000ec680000)
  object space 641536K, 91% used [0x00000000c5400000,0x00000000e91975c0,0x00000000ec680000)
 PSPermGen       total 23552K, used 11666K [0x00000000c0200000, 0x00000000c1900000, 0x00000000c5400000)
  object space 23552K, 49% used [0x00000000c0200000,0x00000000c0d648c0,0x00000000c1900000)
}
Event: 7.863 GC heap before
{Heap before GC invocations=10 (full 2):
 PSYoungGen      total 131584K, used 5749K [0x00000000ec680000, 0x00000000f5180000, 0x0000000100000000)
  eden space 120832K, 0% used [0x00000000ec680000,0x00000000ec680000,0x00000000f3c80000)
  from space 10752K, 53% used [0x00000000f4680000,0x00000000f4c1d730,0x00000000f5100000)
  to   space 10240K, 0% used [0x00000000f3c80000,0x00000000f3c80000,0x00000000f4680000)
 ParOldGen       total 641536K, used 587357K [0x00000000c5400000, 0x00000000ec680000, 0x00000000ec680000)
  object space 641536K, 91% used [0x00000000c5400000,0x00000000e91975c0,0x00000000ec680000)
 PSPermGen       total 23552K, used 11666K [0x00000000c0200000, 0x00000000c1900000, 0x00000000c5400000)
  object space 23552K, 49% used [0x00000000c0200000,0x00000000c0d648c0,0x00000000c1900000)
Event: 7.940 GC heap after
Heap after GC invocations=10 (full 2):
 PSYoungGen      total 131584K, used 0K [0x00000000ec680000, 0x00000000f5180000, 0x0000000100000000)
  eden space 120832K, 0% used [0x00000000ec680000,0x00000000ec680000,0x00000000f3c80000)
  from space 10752K, 0% used [0x00000000f4680000,0x00000000f4680000,0x00000000f5100000)
  to   space 10240K, 0% used [0x00000000f3c80000,0x00000000f3c80000,0x00000000f4680000)
 ParOldGen       total 43008K, used 4222K [0x00000000c5400000, 0x00000000c7e00000, 0x00000000ec680000)
  object space 43008K, 9% used [0x00000000c5400000,0x00000000c581faa8,0x00000000c7e00000)
 PSPermGen       total 26624K, used 11666K [0x00000000c0200000, 0x00000000c1c00000, 0x00000000c5400000)
  object space 26624K, 43% used [0x00000000c0200000,0x00000000c0d64880,0x00000000c1c00000)
}
Event: 8.249 GC heap before
{Heap before GC invocations=11 (full 2):
 PSYoungGen      total 131584K, used 119209K [0x00000000ec680000, 0x00000000f5180000, 0x0000000100000000)
  eden space 120832K, 98% used [0x00000000ec680000,0x00000000f3aea6a0,0x00000000f3c80000)
  from space 10752K, 0% used [0x00000000f4680000,0x00000000f4680000,0x00000000f5100000)
  to   space 10240K, 0% used [0x00000000f3c80000,0x00000000f3c80000,0x00000000f4680000)
 ParOldGen       total 336384K, used 296062K [0x00000000c5400000, 0x00000000d9c80000, 0x00000000ec680000)
  object space 336384K, 88% used [0x00000000c5400000,0x00000000d751fad8,0x00000000d9c80000)
 PSPermGen       total 26624K, used 11696K [0x00000000c0200000, 0x00000000c1c00000, 0x00000000c5400000)
  object space 26624K, 43% used [0x00000000c0200000,0x00000000c0d6c008,0x00000000c1c00000)
Event: 8.256 GC heap after
Heap after GC invocations=11 (full 2):
 PSYoungGen      total 131072K, used 6656K [0x00000000ec680000, 0x00000000f9280000, 0x0000000100000000)
  eden space 120832K, 0% used [0x00000000ec680000,0x00000000ec680000,0x00000000f3c80000)
  from space 10240K, 65% used [0x00000000f3c80000,0x00000000f4300030,0x00000000f4680000)
  to   space 10240K, 0% used [0x00000000f8880000,0x00000000f8880000,0x00000000f9280000)
 ParOldGen       total 336384K, used 296062K [0x00000000c5400000, 0x00000000d9c80000, 0x00000000ec680000)
  object space 336384K, 88% used [0x00000000c5400000,0x00000000d751fad8,0x00000000d9c80000)
 PSPermGen       total 26624K, used 11696K [0x00000000c0200000, 0x00000000c1c00000, 0x00000000c5400000)
  object space 26624K, 43% used [0x00000000c0200000,0x00000000c0d6c008,0x00000000c1c00000)
}
Event: 8.575 GC heap before
{Heap before GC invocations=12 (full 2):
 PSYoungGen      total 131072K, used 127488K [0x00000000ec680000, 0x00000000f9280000, 0x0000000100000000)
  eden space 120832K, 100% used [0x00000000ec680000,0x00000000f3c80000,0x00000000f3c80000)
  from space 10240K, 65% used [0x00000000f3c80000,0x00000000f4300030,0x00000000f4680000)
  to   space 10240K, 0% used [0x00000000f8880000,0x00000000f8880000,0x00000000f9280000)
 ParOldGen       total 531968K, used 490622K [0x00000000c5400000, 0x00000000e5b80000, 0x00000000ec680000)
  object space 531968K, 92% used [0x00000000c5400000,0x00000000e331faf8,0x00000000e5b80000)
 PSPermGen       total 26624K, used 11714K [0x00000000c0200000, 0x00000000c1c00000, 0x00000000c5400000)
  object space 26624K, 43% used [0x00000000c0200000,0x00000000c0d70870,0x00000000c1c00000)
Event: 8.581 GC heap after
Heap after GC invocations=12 (full 2):
 PSYoungGen      total 194560K, used 5408K [0x00000000ec680000, 0x00000000f9000000, 0x0000000100000000)
  eden space 186880K, 0% used [0x00000000ec680000,0x00000000ec680000,0x00000000f7d00000)
  from space 7680K, 70% used [0x00000000f8880000,0x00000000f8dc8020,0x00000000f9000000)
  to   space 9728K, 0% used [0x00000000f7d00000,0x00000000f7d00000,0x00000000f8680000)
 ParOldGen       total 531968K, used 490622K [0x00000000c5400000, 0x00000000e5b80000, 0x00000000ec680000)
  object space 531968K, 92% used [0x00000000c5400000,0x00000000e331faf8,0x00000000e5b80000)
 PSPermGen       total 26624K, used 11714K [0x00000000c0200000, 0x00000000c1c00000, 0x00000000c5400000)
  object space 26624K, 43% used [0x00000000c0200000,0x00000000c0d70870,0x00000000c1c00000)
}

